


ARM Macro Assembler    Page 1 


    1 00000000         #line   1                "..\\..\\..\\src\\mcu\\rtl876x\
\arm\\startup_rtl8762c.s"
    1 00000000         ; 
    2 00000000         ; 
    3 00000000         ; 
    4 00000000         
    5 00000000 00203800 
                       __initial_sp
                               EQU              0x00203800  ; 8772 is 0x00203C0
                                                            0, but the value wi
                                                            ll not be updated
    6 00000000         
    7 00000000                 PRESERVE8
    8 00000000                 THUMB
    9 00000000         
   10 00000000         ; Vector Table Mapped to Address 0 at Reset
   11 00000000         
   12 00000000                 AREA             VECTOR, DATA, READONLY
   13 00000000                 EXPORT           __Vectors
   14 00000000                 EXPORT           __Vectors_End
   15 00000000                 EXPORT           __Vectors_Size
   16 00000000         
   17 00000000 00203800 
                       __Vectors
                               DCD              __initial_sp ; Top of Stack
   18 00000004 00000000        DCD              Reset_Handler ; Reset Handler
   19 00000008 00000000        DCD              NMI_Handler ; NMI Handler
   20 0000000C 00000000        DCD              HardFault_Handler ; Hard Fault 
                                                            Handler
   21 00000010 00000000        DCD              MemManage_Handler 
                                                            ; MPU Fault Handler
                                                            
   22 00000014 00000000        DCD              BusFault_Handler 
                                                            ; Bus Fault Handler
                                                            
   23 00000018 00000000        DCD              UsageFault_Handler ; Usage Faul
                                                            t Handler
   24 0000001C 00000000        DCD              0           ; Reserved
   25 00000020 00000000        DCD              0           ; Reserved
   26 00000024 00000000        DCD              0           ; Reserved
   27 00000028 00000000        DCD              0           ; Reserved
   28 0000002C 00000000        DCD              SVC_Handler ; SVCall Handler
   29 00000030 00000000        DCD              DebugMon_Handler ; Debug Monito
                                                            r Handler
   30 00000034 00000000        DCD              0           ; Reserved
   31 00000038 00000000        DCD              PendSV_Handler ; PendSV Handler
                                                            
   32 0000003C 00000000        DCD              SysTick_Handler 
                                                            ; SysTick Handler
   33 00000040         
   34 00000040         ; External Interrupts
   35 00000040         ; sync from Bee2_Address_Mapping_20170526.xls
   36 00000040 00000000        DCD              System_Handler ;[0]  System On 
                                                            interrupt
   37 00000044 00000000        DCD              WDG_Handler ;[1]  Watch dog glo
                                                            bal insterrupt
   38 00000048 00000000        DCD              BTMAC_Handler ;[2]  See Below T
                                                            able ( an Extension
                                                             of interrupt )



ARM Macro Assembler    Page 2 


   39 0000004C 00000000        DCD              Timer3_Handler ;[3]  Timer3 glo
                                                            bal interrupt
   40 00000050 00000000        DCD              Timer2_Handler ;[4]  Timer2 glo
                                                            bal interrupt
   41 00000054 00000000        DCD              HardFault_Handler ;[5]  Platfor
                                                            m interrupt (platfr
                                                            om error interrupt)
                                                            
   42 00000058 00000000        DCD              I2S0_TX_Handler ;[6]  I2S0 TX i
                                                            nterrupt
   43 0000005C 00000000        DCD              I2S0_RX_Handler ;[7]  I2S0 RX i
                                                            nterrupt
   44 00000060 00000000        DCD              Timer4_7_Handler ;[8]  Timer[4:
                                                            7] global interrupt
                                                            
   45 00000064 00000000        DCD              GPIO4_Handler ;[9]  GPIO 4 inte
                                                            rrupt
   46 00000068 00000000        DCD              GPIO5_Handler ;[10] GPIO 5 inte
                                                            rrupt
   47 0000006C 00000000        DCD              UART1_Handler ;[11] Uart1 inter
                                                            rupt
   48 00000070 00000000        DCD              UART0_Handler ;[12] Uart0 inter
                                                            rupt
   49 00000074 00000000        DCD              RTC_Handler ;[13] Realtime coun
                                                            ter interrupt
   50 00000078 00000000        DCD              SPI0_Handler ;[14] SPI0 interru
                                                            pt
   51 0000007C 00000000        DCD              SPI1_Handler ;[15] SPI1 interru
                                                            pt
   52 00000080 00000000        DCD              I2C0_Handler ;[16] I2C0 interru
                                                            pt
   53 00000084 00000000        DCD              I2C1_Handler ;[17] I2C1 interru
                                                            pt
   54 00000088 00000000        DCD              ADC_Handler ;[18] ADC global in
                                                            terrupt
   55 0000008C 00000000        DCD              Peripheral_Handler ;[19] See Be
                                                            low Table ( an Exte
                                                            nsion of interrupt 
                                                            )
   56 00000090 00000000        DCD              GDMA0_Channel0_Handler ;[20] RT
                                                            K-DMA0 channel 0 gl
                                                            obal interrupt
   57 00000094 00000000        DCD              GDMA0_Channel1_Handler ;[21] RT
                                                            K-DMA0 channel 1 gl
                                                            obal interrupt
   58 00000098 00000000        DCD              GDMA0_Channel2_Handler ;[22] RT
                                                            K-DMA0 channel 2 gl
                                                            obal interrupt
   59 0000009C 00000000        DCD              GDMA0_Channel3_Handler ;[23] RT
                                                            K-DMA0 channel 3 gl
                                                            obal interrupt
   60 000000A0 00000000        DCD              GDMA0_Channel4_Handler ;[24] RT
                                                            K-DMA0 channel 4 gl
                                                            obal interrupt
   61 000000A4 00000000        DCD              GDMA0_Channel5_Handler ;[25] RT
                                                            K-DMA0 channel 5 gl
                                                            obal interrupt (def
                                                            ault for log)
   62 000000A8 00000000        DCD              GPIO_Group3_Handler ;[26] GPIO(



ARM Macro Assembler    Page 3 


                                                            n*4)+3,n={0:7} glob
                                                            al interrupt
   63 000000AC 00000000        DCD              GPIO_Group2_Handler ;[27] GPIO(
                                                            n*4)+2,n={0:7} glob
                                                            al interrupt
   64 000000B0 00000000        DCD              IR_Handler  ;[28] IR module glo
                                                            bal interrupt
   65 000000B4 00000000        DCD              GPIO_Group1_Handler ;[29] GPIO(
                                                            n*4)+1,n={0:7}-{1} 
                                                            global interrupt
   66 000000B8 00000000        DCD              GPIO_Group0_Handler ;[30] GPIO(
                                                            n*4)+0,n={0:7}-{1} 
                                                            global interrupt
   67 000000BC 00000000        DCD              UART2_Handler ;[31] Uart2 inter
                                                            rupt (default for l
                                                            og)
   68 000000C0         
   69 000000C0         ;Timer[4:7] interrupt
   70 000000C0 00000000        DCD              Timer4_Handler ;8, 0, 48
   71 000000C4 00000000        DCD              Timer5_Handler ;8, 1, 49
   72 000000C8 00000000        DCD              Timer6_Handler ;8, 2, 50
   73 000000CC 00000000        DCD              Timer7_Handler ;8, 3, 51
   74 000000D0         
   75 000000D0         ;Peripheral Interrupts not special interrupt
   76 000000D0         ;Interrupt name, Interrupt status bit, Offset in vector
   77 000000D0 00000000        DCD              SPI_Flash_Handler ;19, 0, 52
   78 000000D4 00000000        DCD              Qdecode_Handler ;19, 1, 53
   79 000000D8 00000000        DCD              Keyscan_Handler ;19, 2, 54
   80 000000DC 00000000        DCD              SPI2W_Handler ;19, 3, 55
   81 000000E0 00000000        DCD              LPCOMP_Handler ;19, 4, 56
   82 000000E4 00000000        DCD              PTA_Mailbox_Handler ;19, 5, 57
   83 000000E8 00000000        DCD              I2S1_TX_Handler ;19, 6, 58
   84 000000EC 00000000        DCD              I2S1_RX_Handler ;19, 7, 59
   85 000000F0 00000000        DCD              LCD_Handler ;19, 8, 60
   86 000000F4         __Vectors_End
   87 000000F4         
   88 000000F4 000000F4 
                       __Vectors_Size
                               EQU              __Vectors_End - __Vectors
   89 000000F4         
   90 000000F4                 AREA             RESET, CODE, READONLY
   91 00000000         
   92 00000000         ; Reset Handler
   93 00000000         Reset_Handler
                               PROC
   94 00000000                 EXPORT           Reset_Handler               [WE
AK]
   95 00000000                 IMPORT           SystemInit
   96 00000000 4800            LDR              R0, =SystemInit
   97 00000002 4700            BX               R0
   98 00000004         
   99 00000004                 ENDP                         ; end of Reset_Hand
                                                            ler
  100 00000004         
  101 00000004         
  102 00000004 00000000        AREA             |.text|, CODE, READONLY
  103 00000000         Default_Handler
                               PROC
  104 00000000                 EXPORT           Default_Handler                



ARM Macro Assembler    Page 4 


  [WEAK]
  105 00000000                 EXPORT           NMI_Handler                    
  [WEAK]
  106 00000000                 EXPORT           HardFault_Handler              
  [WEAK]
  107 00000000                 EXPORT           MemManage_Handler              
  [WEAK]
  108 00000000                 EXPORT           BusFault_Handler               
  [WEAK]
  109 00000000                 EXPORT           UsageFault_Handler             
  [WEAK]
  110 00000000                 EXPORT           SVC_Handler                    
  [WEAK]
  111 00000000                 EXPORT           DebugMon_Handler               
  [WEAK]
  112 00000000                 EXPORT           PendSV_Handler                 
  [WEAK]
  113 00000000                 EXPORT           SysTick_Handler                
  [WEAK]
  114 00000000                 EXPORT           System_Handler                 
  [WEAK]
  115 00000000                 EXPORT           WDG_Handler                    
  [WEAK]
  116 00000000                 EXPORT           BTMAC_Handler                  
  [WEAK]
  117 00000000                 EXPORT           Timer3_Handler                 
  [WEAK]
  118 00000000                 EXPORT           Timer2_Handler                 
  [WEAK]
  119 00000000                 EXPORT           I2S0_TX_Handler                
  [WEAK]
  120 00000000                 EXPORT           I2S0_RX_Handler                
  [WEAK]
  121 00000000                 EXPORT           Timer4_7_Handler               
  [WEAK]
  122 00000000                 EXPORT           GPIO4_Handler                  
  [WEAK]
  123 00000000                 EXPORT           GPIO5_Handler                  
  [WEAK]
  124 00000000                 EXPORT           UART1_Handler                  
  [WEAK]
  125 00000000                 EXPORT           UART0_Handler                  
  [WEAK]
  126 00000000                 EXPORT           RTC_Handler                    
  [WEAK]
  127 00000000                 EXPORT           SPI0_Handler                   
  [WEAK]
  128 00000000                 EXPORT           SPI1_Handler                   
  [WEAK]
  129 00000000                 EXPORT           I2C0_Handler                   
  [WEAK]
  130 00000000                 EXPORT           I2C1_Handler                   
  [WEAK]
  131 00000000                 EXPORT           ADC_Handler                    
  [WEAK]
  132 00000000                 EXPORT           Peripheral_Handler             
  [WEAK]
  133 00000000                 EXPORT           GDMA0_Channel0_Handler         
  [WEAK]



ARM Macro Assembler    Page 5 


  134 00000000                 EXPORT           GDMA0_Channel1_Handler         
  [WEAK]
  135 00000000                 EXPORT           GDMA0_Channel2_Handler         
  [WEAK]
  136 00000000                 EXPORT           GDMA0_Channel3_Handler         
  [WEAK]
  137 00000000                 EXPORT           GDMA0_Channel4_Handler         
  [WEAK]
  138 00000000                 EXPORT           GDMA0_Channel5_Handler         
  [WEAK]
  139 00000000                 EXPORT           GPIO_Group3_Handler            
  [WEAK]
  140 00000000                 EXPORT           GPIO_Group2_Handler            
  [WEAK]
  141 00000000                 EXPORT           IR_Handler                     
  [WEAK]
  142 00000000                 EXPORT           GPIO_Group1_Handler            
  [WEAK]
  143 00000000                 EXPORT           GPIO_Group0_Handler            
  [WEAK]
  144 00000000                 EXPORT           UART2_Handler                  
  [WEAK]
  145 00000000         
  146 00000000         ;Extension Interrupts
  147 00000000                 EXPORT           Timer4_Handler                 
  [WEAK]
  148 00000000                 EXPORT           Timer5_Handler                 
  [WEAK]
  149 00000000                 EXPORT           Timer6_Handler                 
  [WEAK]
  150 00000000                 EXPORT           Timer7_Handler                 
  [WEAK]
  151 00000000                 EXPORT           SPI_Flash_Handler              
  [WEAK]
  152 00000000                 EXPORT           Qdecode_Handler                
  [WEAK]
  153 00000000                 EXPORT           Keyscan_Handler                
  [WEAK]
  154 00000000                 EXPORT           SPI2W_Handler                  
  [WEAK]
  155 00000000                 EXPORT           LPCOMP_Handler                 
  [WEAK]
  156 00000000                 EXPORT           PTA_Mailbox_Handler            
  [WEAK]
  157 00000000                 EXPORT           I2S1_TX_Handler                
  [WEAK]
  158 00000000                 EXPORT           I2S1_RX_Handler                
  [WEAK]
  159 00000000                 EXPORT           LCD_Handler                    
  [WEAK]
  160 00000000                 EXPORT           GPIO0_Handler                  
  [WEAK]
  161 00000000                 EXPORT           GPIO1_Handler                  
  [WEAK]
  162 00000000                 EXPORT           GPIO2_Handler                  
  [WEAK]
  163 00000000                 EXPORT           GPIO3_Handler                  
  [WEAK]
  164 00000000                 EXPORT           GPIO6_Handler                  



ARM Macro Assembler    Page 6 


  [WEAK]
  165 00000000                 EXPORT           GPIO7_Handler                  
  [WEAK]
  166 00000000                 EXPORT           GPIO8_Handler                  
  [WEAK]
  167 00000000                 EXPORT           GPIO9_Handler                  
  [WEAK]
  168 00000000                 EXPORT           GPIO10_Handler                 
  [WEAK]
  169 00000000                 EXPORT           GPIO11_Handler                 
  [WEAK]
  170 00000000                 EXPORT           GPIO12_Handler                 
  [WEAK]
  171 00000000                 EXPORT           GPIO13_Handler                 
  [WEAK]
  172 00000000                 EXPORT           GPIO14_Handler                 
  [WEAK]
  173 00000000                 EXPORT           GPIO15_Handler                 
  [WEAK]
  174 00000000                 EXPORT           GPIO16_Handler                 
  [WEAK]
  175 00000000                 EXPORT           GPIO17_Handler                 
  [WEAK]
  176 00000000                 EXPORT           GPIO18_Handler                 
  [WEAK]
  177 00000000                 EXPORT           GPIO19_Handler                 
  [WEAK]
  178 00000000                 EXPORT           GPIO20_Handler                 
  [WEAK]
  179 00000000                 EXPORT           GPIO21_Handler                 
  [WEAK]
  180 00000000                 EXPORT           GPIO22_Handler                 
  [WEAK]
  181 00000000                 EXPORT           GPIO23_Handler                 
  [WEAK]
  182 00000000                 EXPORT           GPIO24_Handler                 
  [WEAK]
  183 00000000                 EXPORT           GPIO25_Handler                 
  [WEAK]
  184 00000000                 EXPORT           GPIO26_Handler                 
  [WEAK]
  185 00000000                 EXPORT           GPIO27_Handler                 
  [WEAK]
  186 00000000                 EXPORT           GPIO28_Handler                 
  [WEAK]
  187 00000000                 EXPORT           GPIO29_Handler                 
  [WEAK]
  188 00000000                 EXPORT           GPIO30_Handler                 
  [WEAK]
  189 00000000                 EXPORT           GPIO31_Handler                 
  [WEAK]
  190 00000000         NMI_Handler
  191 00000000         HardFault_Handler
  192 00000000         MemManage_Handler
  193 00000000         BusFault_Handler
  194 00000000         UsageFault_Handler
  195 00000000         SVC_Handler
  196 00000000         DebugMon_Handler
  197 00000000         PendSV_Handler



ARM Macro Assembler    Page 7 


  198 00000000         SysTick_Handler
  199 00000000         System_Handler
  200 00000000         WDG_Handler
  201 00000000         BTMAC_Handler
  202 00000000         Timer3_Handler
  203 00000000         Timer2_Handler
  204 00000000         I2S0_TX_Handler
  205 00000000         I2S0_RX_Handler
  206 00000000         Timer4_7_Handler
  207 00000000         GPIO4_Handler
  208 00000000         GPIO5_Handler
  209 00000000         UART1_Handler
  210 00000000         UART0_Handler
  211 00000000         RTC_Handler
  212 00000000         SPI0_Handler
  213 00000000         SPI1_Handler
  214 00000000         I2C0_Handler
  215 00000000         I2C1_Handler
  216 00000000         ADC_Handler
  217 00000000         Peripheral_Handler
  218 00000000         GDMA0_Channel0_Handler
  219 00000000         GDMA0_Channel1_Handler
  220 00000000         GDMA0_Channel2_Handler
  221 00000000         GDMA0_Channel3_Handler
  222 00000000         GDMA0_Channel4_Handler
  223 00000000         GDMA0_Channel5_Handler
  224 00000000         GPIO_Group3_Handler
  225 00000000         GPIO_Group2_Handler
  226 00000000         IR_Handler
  227 00000000         GPIO_Group1_Handler
  228 00000000         GPIO_Group0_Handler
  229 00000000         UART2_Handler
  230 00000000         
  231 00000000         ;Extension Interrupts
  232 00000000         Timer4_Handler
  233 00000000         Timer5_Handler
  234 00000000         Timer6_Handler
  235 00000000         Timer7_Handler
  236 00000000         SPI_Flash_Handler
  237 00000000         Qdecode_Handler
  238 00000000         Keyscan_Handler
  239 00000000         SPI2W_Handler
  240 00000000         LPCOMP_Handler
  241 00000000         PTA_Mailbox_Handler
  242 00000000         I2S1_TX_Handler
  243 00000000         I2S1_RX_Handler
  244 00000000         LCD_Handler
  245 00000000         GPIO0_Handler
  246 00000000         GPIO1_Handler
  247 00000000         GPIO2_Handler
  248 00000000         GPIO3_Handler
  249 00000000         GPIO6_Handler
  250 00000000         GPIO7_Handler
  251 00000000         GPIO8_Handler
  252 00000000         GPIO9_Handler
  253 00000000         GPIO10_Handler
  254 00000000         GPIO11_Handler
  255 00000000         GPIO12_Handler
  256 00000000         GPIO13_Handler



ARM Macro Assembler    Page 8 


  257 00000000         GPIO14_Handler
  258 00000000         GPIO15_Handler
  259 00000000         GPIO16_Handler
  260 00000000         GPIO17_Handler
  261 00000000         GPIO18_Handler
  262 00000000         GPIO19_Handler
  263 00000000         GPIO20_Handler
  264 00000000         GPIO21_Handler
  265 00000000         GPIO22_Handler
  266 00000000         GPIO23_Handler
  267 00000000         GPIO24_Handler
  268 00000000         GPIO25_Handler
  269 00000000         GPIO26_Handler
  270 00000000         GPIO27_Handler
  271 00000000         GPIO28_Handler
  272 00000000         GPIO29_Handler
  273 00000000         GPIO30_Handler
  274 00000000         GPIO31_Handler
  275 00000000                 IMPORT           log_direct
  276 00000000 F04F 5000       LDR              R0, =0x20000000
  277 00000004 4910            LDR              R1, =DEFAULT_HANDLER_TXT
  278 00000006 F3EF 8205       MRS              R2, IPSR
  279 0000000A 4B10            LDR              R3, =log_direct
  280 0000000C 4798            BLX              R3
  281 0000000E E7FE            B                .
  282 00000010         
  283 00000010                 ENDP
  284 00000010         
  285 00000010         
  286 00000010         ; User Initial Stack
  287 00000010                 EXPORT           __user_setup_stackheap
  288 00000010         __user_setup_stackheap
                               PROC
  289 00000010 4770            BX               LR
  290 00000012                 ENDP
  291 00000012         
  292 00000012         DEFAULT_HANDLER_TXT
  293 00000012 45 72 72 
              6F 72 21 
              20 50 6C 
              65 61 73 
              65 20 69 
              6D 70 6C 
              65 6D 65 
              6E 74 20 
              79 6F 75 
              72 20 49 
              53 52 20 
              48 61 6E 
              64 6C 65 
              72 20 66 
              6F 72 20 
              49 52 51 
              20 25 64 
              21 0A 00         DCB              "Error! Please implement your I
SR Handler for IRQ %d!\n", 0 
                                                            ; Null terminated s
                                                            tring
  294 00000048                 ALIGN



ARM Macro Assembler    Page 9 


  295 00000048         
  296 00000048                 END
              00000000 
              00000000 
Command Line: --16 --debug --xref --cpreproc --diag_suppress=9931 --cpu=Cortex-
M4.fp --apcs=interwork --depend=.\objects\startup_rtl8762c.d -o.\objects\startu
p_rtl8762c.o -I..\..\..\inc\platform -I.\RTE\_mesh_device -IC:\Keil_v5\ARM\PACK
\ARM\CMSIS\5.3.0\Device\ARM\ARMCM4\Include -IC:\Keil_v5\ARM\CMSIS\Include -IC:\
Keil_v5\ARM\PACK\ARM\CMSIS\5.3.0 --predefine="__UVISION_VERSION SETA 525" --pre
define="ARMCM4_FP SETA 1" --list=.\listings\startup_rtl8762c.lst ..\..\..\src\m
cu\rtl876x\arm\startup_rtl8762c.s



ARM Macro Assembler    Page 1 Alphabetic symbol ordering
Relocatable symbols

VECTOR 00000000

Symbol: VECTOR
   Definitions
      At line 12 in file ..\\..\\..\\src\\mcu\\rtl876x\\arm\\startup_rtl8762c.s
   Uses
      None
Comment: VECTOR unused
__Vectors 00000000

Symbol: __Vectors
   Definitions
      At line 17 in file ..\\..\\..\\src\\mcu\\rtl876x\\arm\\startup_rtl8762c.s
   Uses
      At line 13 in file ..\\..\\..\\src\\mcu\\rtl876x\\arm\\startup_rtl8762c.s
      At line 88 in file ..\\..\\..\\src\\mcu\\rtl876x\\arm\\startup_rtl8762c.s

__Vectors_End 000000F4

Symbol: __Vectors_End
   Definitions
      At line 86 in file ..\\..\\..\\src\\mcu\\rtl876x\\arm\\startup_rtl8762c.s
   Uses
      At line 14 in file ..\\..\\..\\src\\mcu\\rtl876x\\arm\\startup_rtl8762c.s
      At line 88 in file ..\\..\\..\\src\\mcu\\rtl876x\\arm\\startup_rtl8762c.s

3 symbols



ARM Macro Assembler    Page 1 Alphabetic symbol ordering
Relocatable symbols

RESET 00000000

Symbol: RESET
   Definitions
      At line 90 in file ..\\..\\..\\src\\mcu\\rtl876x\\arm\\startup_rtl8762c.s
   Uses
      None
Comment: RESET unused
Reset_Handler 00000000

Symbol: Reset_Handler
   Definitions
      At line 93 in file ..\\..\\..\\src\\mcu\\rtl876x\\arm\\startup_rtl8762c.s
   Uses
      At line 18 in file ..\\..\\..\\src\\mcu\\rtl876x\\arm\\startup_rtl8762c.s
      At line 94 in file ..\\..\\..\\src\\mcu\\rtl876x\\arm\\startup_rtl8762c.s

2 symbols



ARM Macro Assembler    Page 1 Alphabetic symbol ordering
Relocatable symbols

.text 00000000

Symbol: .text
   Definitions
      At line 102 in file ..\\..\\..\\src\\mcu\\rtl876x\\arm\\startup_rtl8762c.
s
   Uses
      None
Comment: .text unused
ADC_Handler 00000000

Symbol: ADC_Handler
   Definitions
      At line 216 in file ..\\..\\..\\src\\mcu\\rtl876x\\arm\\startup_rtl8762c.
s
   Uses
      At line 54 in file ..\\..\\..\\src\\mcu\\rtl876x\\arm\\startup_rtl8762c.s
      At line 131 in file ..\\..\\..\\src\\mcu\\rtl876x\\arm\\startup_rtl8762c.
s

BTMAC_Handler 00000000

Symbol: BTMAC_Handler
   Definitions
      At line 201 in file ..\\..\\..\\src\\mcu\\rtl876x\\arm\\startup_rtl8762c.
s
   Uses
      At line 38 in file ..\\..\\..\\src\\mcu\\rtl876x\\arm\\startup_rtl8762c.s
      At line 116 in file ..\\..\\..\\src\\mcu\\rtl876x\\arm\\startup_rtl8762c.
s

BusFault_Handler 00000000

Symbol: BusFault_Handler
   Definitions
      At line 193 in file ..\\..\\..\\src\\mcu\\rtl876x\\arm\\startup_rtl8762c.
s
   Uses
      At line 22 in file ..\\..\\..\\src\\mcu\\rtl876x\\arm\\startup_rtl8762c.s
      At line 108 in file ..\\..\\..\\src\\mcu\\rtl876x\\arm\\startup_rtl8762c.
s

DEFAULT_HANDLER_TXT 00000012

Symbol: DEFAULT_HANDLER_TXT
   Definitions
      At line 292 in file ..\\..\\..\\src\\mcu\\rtl876x\\arm\\startup_rtl8762c.
s
   Uses
      At line 277 in file ..\\..\\..\\src\\mcu\\rtl876x\\arm\\startup_rtl8762c.
s
Comment: DEFAULT_HANDLER_TXT used once
DebugMon_Handler 00000000

Symbol: DebugMon_Handler
   Definitions
      At line 196 in file ..\\..\\..\\src\\mcu\\rtl876x\\arm\\startup_rtl8762c.
s
   Uses



ARM Macro Assembler    Page 2 Alphabetic symbol ordering
Relocatable symbols

      At line 29 in file ..\\..\\..\\src\\mcu\\rtl876x\\arm\\startup_rtl8762c.s
      At line 111 in file ..\\..\\..\\src\\mcu\\rtl876x\\arm\\startup_rtl8762c.
s

Default_Handler 00000000

Symbol: Default_Handler
   Definitions
      At line 103 in file ..\\..\\..\\src\\mcu\\rtl876x\\arm\\startup_rtl8762c.
s
   Uses
      At line 104 in file ..\\..\\..\\src\\mcu\\rtl876x\\arm\\startup_rtl8762c.
s
Comment: Default_Handler used once
GDMA0_Channel0_Handler 00000000

Symbol: GDMA0_Channel0_Handler
   Definitions
      At line 218 in file ..\\..\\..\\src\\mcu\\rtl876x\\arm\\startup_rtl8762c.
s
   Uses
      At line 56 in file ..\\..\\..\\src\\mcu\\rtl876x\\arm\\startup_rtl8762c.s
      At line 133 in file ..\\..\\..\\src\\mcu\\rtl876x\\arm\\startup_rtl8762c.
s

GDMA0_Channel1_Handler 00000000

Symbol: GDMA0_Channel1_Handler
   Definitions
      At line 219 in file ..\\..\\..\\src\\mcu\\rtl876x\\arm\\startup_rtl8762c.
s
   Uses
      At line 57 in file ..\\..\\..\\src\\mcu\\rtl876x\\arm\\startup_rtl8762c.s
      At line 134 in file ..\\..\\..\\src\\mcu\\rtl876x\\arm\\startup_rtl8762c.
s

GDMA0_Channel2_Handler 00000000

Symbol: GDMA0_Channel2_Handler
   Definitions
      At line 220 in file ..\\..\\..\\src\\mcu\\rtl876x\\arm\\startup_rtl8762c.
s
   Uses
      At line 58 in file ..\\..\\..\\src\\mcu\\rtl876x\\arm\\startup_rtl8762c.s
      At line 135 in file ..\\..\\..\\src\\mcu\\rtl876x\\arm\\startup_rtl8762c.
s

GDMA0_Channel3_Handler 00000000

Symbol: GDMA0_Channel3_Handler
   Definitions
      At line 221 in file ..\\..\\..\\src\\mcu\\rtl876x\\arm\\startup_rtl8762c.
s
   Uses
      At line 59 in file ..\\..\\..\\src\\mcu\\rtl876x\\arm\\startup_rtl8762c.s
      At line 136 in file ..\\..\\..\\src\\mcu\\rtl876x\\arm\\startup_rtl8762c.
s

GDMA0_Channel4_Handler 00000000



ARM Macro Assembler    Page 3 Alphabetic symbol ordering
Relocatable symbols


Symbol: GDMA0_Channel4_Handler
   Definitions
      At line 222 in file ..\\..\\..\\src\\mcu\\rtl876x\\arm\\startup_rtl8762c.
s
   Uses
      At line 60 in file ..\\..\\..\\src\\mcu\\rtl876x\\arm\\startup_rtl8762c.s
      At line 137 in file ..\\..\\..\\src\\mcu\\rtl876x\\arm\\startup_rtl8762c.
s

GDMA0_Channel5_Handler 00000000

Symbol: GDMA0_Channel5_Handler
   Definitions
      At line 223 in file ..\\..\\..\\src\\mcu\\rtl876x\\arm\\startup_rtl8762c.
s
   Uses
      At line 61 in file ..\\..\\..\\src\\mcu\\rtl876x\\arm\\startup_rtl8762c.s
      At line 138 in file ..\\..\\..\\src\\mcu\\rtl876x\\arm\\startup_rtl8762c.
s

GPIO0_Handler 00000000

Symbol: GPIO0_Handler
   Definitions
      At line 245 in file ..\\..\\..\\src\\mcu\\rtl876x\\arm\\startup_rtl8762c.
s
   Uses
      At line 160 in file ..\\..\\..\\src\\mcu\\rtl876x\\arm\\startup_rtl8762c.
s
Comment: GPIO0_Handler used once
GPIO10_Handler 00000000

Symbol: GPIO10_Handler
   Definitions
      At line 253 in file ..\\..\\..\\src\\mcu\\rtl876x\\arm\\startup_rtl8762c.
s
   Uses
      At line 168 in file ..\\..\\..\\src\\mcu\\rtl876x\\arm\\startup_rtl8762c.
s
Comment: GPIO10_Handler used once
GPIO11_Handler 00000000

Symbol: GPIO11_Handler
   Definitions
      At line 254 in file ..\\..\\..\\src\\mcu\\rtl876x\\arm\\startup_rtl8762c.
s
   Uses
      At line 169 in file ..\\..\\..\\src\\mcu\\rtl876x\\arm\\startup_rtl8762c.
s
Comment: GPIO11_Handler used once
GPIO12_Handler 00000000

Symbol: GPIO12_Handler
   Definitions
      At line 255 in file ..\\..\\..\\src\\mcu\\rtl876x\\arm\\startup_rtl8762c.
s
   Uses
      At line 170 in file ..\\..\\..\\src\\mcu\\rtl876x\\arm\\startup_rtl8762c.



ARM Macro Assembler    Page 4 Alphabetic symbol ordering
Relocatable symbols

s
Comment: GPIO12_Handler used once
GPIO13_Handler 00000000

Symbol: GPIO13_Handler
   Definitions
      At line 256 in file ..\\..\\..\\src\\mcu\\rtl876x\\arm\\startup_rtl8762c.
s
   Uses
      At line 171 in file ..\\..\\..\\src\\mcu\\rtl876x\\arm\\startup_rtl8762c.
s
Comment: GPIO13_Handler used once
GPIO14_Handler 00000000

Symbol: GPIO14_Handler
   Definitions
      At line 257 in file ..\\..\\..\\src\\mcu\\rtl876x\\arm\\startup_rtl8762c.
s
   Uses
      At line 172 in file ..\\..\\..\\src\\mcu\\rtl876x\\arm\\startup_rtl8762c.
s
Comment: GPIO14_Handler used once
GPIO15_Handler 00000000

Symbol: GPIO15_Handler
   Definitions
      At line 258 in file ..\\..\\..\\src\\mcu\\rtl876x\\arm\\startup_rtl8762c.
s
   Uses
      At line 173 in file ..\\..\\..\\src\\mcu\\rtl876x\\arm\\startup_rtl8762c.
s
Comment: GPIO15_Handler used once
GPIO16_Handler 00000000

Symbol: GPIO16_Handler
   Definitions
      At line 259 in file ..\\..\\..\\src\\mcu\\rtl876x\\arm\\startup_rtl8762c.
s
   Uses
      At line 174 in file ..\\..\\..\\src\\mcu\\rtl876x\\arm\\startup_rtl8762c.
s
Comment: GPIO16_Handler used once
GPIO17_Handler 00000000

Symbol: GPIO17_Handler
   Definitions
      At line 260 in file ..\\..\\..\\src\\mcu\\rtl876x\\arm\\startup_rtl8762c.
s
   Uses
      At line 175 in file ..\\..\\..\\src\\mcu\\rtl876x\\arm\\startup_rtl8762c.
s
Comment: GPIO17_Handler used once
GPIO18_Handler 00000000

Symbol: GPIO18_Handler
   Definitions
      At line 261 in file ..\\..\\..\\src\\mcu\\rtl876x\\arm\\startup_rtl8762c.
s
   Uses



ARM Macro Assembler    Page 5 Alphabetic symbol ordering
Relocatable symbols

      At line 176 in file ..\\..\\..\\src\\mcu\\rtl876x\\arm\\startup_rtl8762c.
s
Comment: GPIO18_Handler used once
GPIO19_Handler 00000000

Symbol: GPIO19_Handler
   Definitions
      At line 262 in file ..\\..\\..\\src\\mcu\\rtl876x\\arm\\startup_rtl8762c.
s
   Uses
      At line 177 in file ..\\..\\..\\src\\mcu\\rtl876x\\arm\\startup_rtl8762c.
s
Comment: GPIO19_Handler used once
GPIO1_Handler 00000000

Symbol: GPIO1_Handler
   Definitions
      At line 246 in file ..\\..\\..\\src\\mcu\\rtl876x\\arm\\startup_rtl8762c.
s
   Uses
      At line 161 in file ..\\..\\..\\src\\mcu\\rtl876x\\arm\\startup_rtl8762c.
s
Comment: GPIO1_Handler used once
GPIO20_Handler 00000000

Symbol: GPIO20_Handler
   Definitions
      At line 263 in file ..\\..\\..\\src\\mcu\\rtl876x\\arm\\startup_rtl8762c.
s
   Uses
      At line 178 in file ..\\..\\..\\src\\mcu\\rtl876x\\arm\\startup_rtl8762c.
s
Comment: GPIO20_Handler used once
GPIO21_Handler 00000000

Symbol: GPIO21_Handler
   Definitions
      At line 264 in file ..\\..\\..\\src\\mcu\\rtl876x\\arm\\startup_rtl8762c.
s
   Uses
      At line 179 in file ..\\..\\..\\src\\mcu\\rtl876x\\arm\\startup_rtl8762c.
s
Comment: GPIO21_Handler used once
GPIO22_Handler 00000000

Symbol: GPIO22_Handler
   Definitions
      At line 265 in file ..\\..\\..\\src\\mcu\\rtl876x\\arm\\startup_rtl8762c.
s
   Uses
      At line 180 in file ..\\..\\..\\src\\mcu\\rtl876x\\arm\\startup_rtl8762c.
s
Comment: GPIO22_Handler used once
GPIO23_Handler 00000000

Symbol: GPIO23_Handler
   Definitions
      At line 266 in file ..\\..\\..\\src\\mcu\\rtl876x\\arm\\startup_rtl8762c.
s



ARM Macro Assembler    Page 6 Alphabetic symbol ordering
Relocatable symbols

   Uses
      At line 181 in file ..\\..\\..\\src\\mcu\\rtl876x\\arm\\startup_rtl8762c.
s
Comment: GPIO23_Handler used once
GPIO24_Handler 00000000

Symbol: GPIO24_Handler
   Definitions
      At line 267 in file ..\\..\\..\\src\\mcu\\rtl876x\\arm\\startup_rtl8762c.
s
   Uses
      At line 182 in file ..\\..\\..\\src\\mcu\\rtl876x\\arm\\startup_rtl8762c.
s
Comment: GPIO24_Handler used once
GPIO25_Handler 00000000

Symbol: GPIO25_Handler
   Definitions
      At line 268 in file ..\\..\\..\\src\\mcu\\rtl876x\\arm\\startup_rtl8762c.
s
   Uses
      At line 183 in file ..\\..\\..\\src\\mcu\\rtl876x\\arm\\startup_rtl8762c.
s
Comment: GPIO25_Handler used once
GPIO26_Handler 00000000

Symbol: GPIO26_Handler
   Definitions
      At line 269 in file ..\\..\\..\\src\\mcu\\rtl876x\\arm\\startup_rtl8762c.
s
   Uses
      At line 184 in file ..\\..\\..\\src\\mcu\\rtl876x\\arm\\startup_rtl8762c.
s
Comment: GPIO26_Handler used once
GPIO27_Handler 00000000

Symbol: GPIO27_Handler
   Definitions
      At line 270 in file ..\\..\\..\\src\\mcu\\rtl876x\\arm\\startup_rtl8762c.
s
   Uses
      At line 185 in file ..\\..\\..\\src\\mcu\\rtl876x\\arm\\startup_rtl8762c.
s
Comment: GPIO27_Handler used once
GPIO28_Handler 00000000

Symbol: GPIO28_Handler
   Definitions
      At line 271 in file ..\\..\\..\\src\\mcu\\rtl876x\\arm\\startup_rtl8762c.
s
   Uses
      At line 186 in file ..\\..\\..\\src\\mcu\\rtl876x\\arm\\startup_rtl8762c.
s
Comment: GPIO28_Handler used once
GPIO29_Handler 00000000

Symbol: GPIO29_Handler
   Definitions
      At line 272 in file ..\\..\\..\\src\\mcu\\rtl876x\\arm\\startup_rtl8762c.



ARM Macro Assembler    Page 7 Alphabetic symbol ordering
Relocatable symbols

s
   Uses
      At line 187 in file ..\\..\\..\\src\\mcu\\rtl876x\\arm\\startup_rtl8762c.
s
Comment: GPIO29_Handler used once
GPIO2_Handler 00000000

Symbol: GPIO2_Handler
   Definitions
      At line 247 in file ..\\..\\..\\src\\mcu\\rtl876x\\arm\\startup_rtl8762c.
s
   Uses
      At line 162 in file ..\\..\\..\\src\\mcu\\rtl876x\\arm\\startup_rtl8762c.
s
Comment: GPIO2_Handler used once
GPIO30_Handler 00000000

Symbol: GPIO30_Handler
   Definitions
      At line 273 in file ..\\..\\..\\src\\mcu\\rtl876x\\arm\\startup_rtl8762c.
s
   Uses
      At line 188 in file ..\\..\\..\\src\\mcu\\rtl876x\\arm\\startup_rtl8762c.
s
Comment: GPIO30_Handler used once
GPIO31_Handler 00000000

Symbol: GPIO31_Handler
   Definitions
      At line 274 in file ..\\..\\..\\src\\mcu\\rtl876x\\arm\\startup_rtl8762c.
s
   Uses
      At line 189 in file ..\\..\\..\\src\\mcu\\rtl876x\\arm\\startup_rtl8762c.
s
Comment: GPIO31_Handler used once
GPIO3_Handler 00000000

Symbol: GPIO3_Handler
   Definitions
      At line 248 in file ..\\..\\..\\src\\mcu\\rtl876x\\arm\\startup_rtl8762c.
s
   Uses
      At line 163 in file ..\\..\\..\\src\\mcu\\rtl876x\\arm\\startup_rtl8762c.
s
Comment: GPIO3_Handler used once
GPIO4_Handler 00000000

Symbol: GPIO4_Handler
   Definitions
      At line 207 in file ..\\..\\..\\src\\mcu\\rtl876x\\arm\\startup_rtl8762c.
s
   Uses
      At line 45 in file ..\\..\\..\\src\\mcu\\rtl876x\\arm\\startup_rtl8762c.s
      At line 122 in file ..\\..\\..\\src\\mcu\\rtl876x\\arm\\startup_rtl8762c.
s

GPIO5_Handler 00000000

Symbol: GPIO5_Handler



ARM Macro Assembler    Page 8 Alphabetic symbol ordering
Relocatable symbols

   Definitions
      At line 208 in file ..\\..\\..\\src\\mcu\\rtl876x\\arm\\startup_rtl8762c.
s
   Uses
      At line 46 in file ..\\..\\..\\src\\mcu\\rtl876x\\arm\\startup_rtl8762c.s
      At line 123 in file ..\\..\\..\\src\\mcu\\rtl876x\\arm\\startup_rtl8762c.
s

GPIO6_Handler 00000000

Symbol: GPIO6_Handler
   Definitions
      At line 249 in file ..\\..\\..\\src\\mcu\\rtl876x\\arm\\startup_rtl8762c.
s
   Uses
      At line 164 in file ..\\..\\..\\src\\mcu\\rtl876x\\arm\\startup_rtl8762c.
s
Comment: GPIO6_Handler used once
GPIO7_Handler 00000000

Symbol: GPIO7_Handler
   Definitions
      At line 250 in file ..\\..\\..\\src\\mcu\\rtl876x\\arm\\startup_rtl8762c.
s
   Uses
      At line 165 in file ..\\..\\..\\src\\mcu\\rtl876x\\arm\\startup_rtl8762c.
s
Comment: GPIO7_Handler used once
GPIO8_Handler 00000000

Symbol: GPIO8_Handler
   Definitions
      At line 251 in file ..\\..\\..\\src\\mcu\\rtl876x\\arm\\startup_rtl8762c.
s
   Uses
      At line 166 in file ..\\..\\..\\src\\mcu\\rtl876x\\arm\\startup_rtl8762c.
s
Comment: GPIO8_Handler used once
GPIO9_Handler 00000000

Symbol: GPIO9_Handler
   Definitions
      At line 252 in file ..\\..\\..\\src\\mcu\\rtl876x\\arm\\startup_rtl8762c.
s
   Uses
      At line 167 in file ..\\..\\..\\src\\mcu\\rtl876x\\arm\\startup_rtl8762c.
s
Comment: GPIO9_Handler used once
GPIO_Group0_Handler 00000000

Symbol: GPIO_Group0_Handler
   Definitions
      At line 228 in file ..\\..\\..\\src\\mcu\\rtl876x\\arm\\startup_rtl8762c.
s
   Uses
      At line 66 in file ..\\..\\..\\src\\mcu\\rtl876x\\arm\\startup_rtl8762c.s
      At line 143 in file ..\\..\\..\\src\\mcu\\rtl876x\\arm\\startup_rtl8762c.
s




ARM Macro Assembler    Page 9 Alphabetic symbol ordering
Relocatable symbols

GPIO_Group1_Handler 00000000

Symbol: GPIO_Group1_Handler
   Definitions
      At line 227 in file ..\\..\\..\\src\\mcu\\rtl876x\\arm\\startup_rtl8762c.
s
   Uses
      At line 65 in file ..\\..\\..\\src\\mcu\\rtl876x\\arm\\startup_rtl8762c.s
      At line 142 in file ..\\..\\..\\src\\mcu\\rtl876x\\arm\\startup_rtl8762c.
s

GPIO_Group2_Handler 00000000

Symbol: GPIO_Group2_Handler
   Definitions
      At line 225 in file ..\\..\\..\\src\\mcu\\rtl876x\\arm\\startup_rtl8762c.
s
   Uses
      At line 63 in file ..\\..\\..\\src\\mcu\\rtl876x\\arm\\startup_rtl8762c.s
      At line 140 in file ..\\..\\..\\src\\mcu\\rtl876x\\arm\\startup_rtl8762c.
s

GPIO_Group3_Handler 00000000

Symbol: GPIO_Group3_Handler
   Definitions
      At line 224 in file ..\\..\\..\\src\\mcu\\rtl876x\\arm\\startup_rtl8762c.
s
   Uses
      At line 62 in file ..\\..\\..\\src\\mcu\\rtl876x\\arm\\startup_rtl8762c.s
      At line 139 in file ..\\..\\..\\src\\mcu\\rtl876x\\arm\\startup_rtl8762c.
s

HardFault_Handler 00000000

Symbol: HardFault_Handler
   Definitions
      At line 191 in file ..\\..\\..\\src\\mcu\\rtl876x\\arm\\startup_rtl8762c.
s
   Uses
      At line 20 in file ..\\..\\..\\src\\mcu\\rtl876x\\arm\\startup_rtl8762c.s
      At line 41 in file ..\\..\\..\\src\\mcu\\rtl876x\\arm\\startup_rtl8762c.s
      At line 106 in file ..\\..\\..\\src\\mcu\\rtl876x\\arm\\startup_rtl8762c.
s

I2C0_Handler 00000000

Symbol: I2C0_Handler
   Definitions
      At line 214 in file ..\\..\\..\\src\\mcu\\rtl876x\\arm\\startup_rtl8762c.
s
   Uses
      At line 52 in file ..\\..\\..\\src\\mcu\\rtl876x\\arm\\startup_rtl8762c.s
      At line 129 in file ..\\..\\..\\src\\mcu\\rtl876x\\arm\\startup_rtl8762c.
s

I2C1_Handler 00000000

Symbol: I2C1_Handler



ARM Macro Assembler    Page 10 Alphabetic symbol ordering
Relocatable symbols

   Definitions
      At line 215 in file ..\\..\\..\\src\\mcu\\rtl876x\\arm\\startup_rtl8762c.
s
   Uses
      At line 53 in file ..\\..\\..\\src\\mcu\\rtl876x\\arm\\startup_rtl8762c.s
      At line 130 in file ..\\..\\..\\src\\mcu\\rtl876x\\arm\\startup_rtl8762c.
s

I2S0_RX_Handler 00000000

Symbol: I2S0_RX_Handler
   Definitions
      At line 205 in file ..\\..\\..\\src\\mcu\\rtl876x\\arm\\startup_rtl8762c.
s
   Uses
      At line 43 in file ..\\..\\..\\src\\mcu\\rtl876x\\arm\\startup_rtl8762c.s
      At line 120 in file ..\\..\\..\\src\\mcu\\rtl876x\\arm\\startup_rtl8762c.
s

I2S0_TX_Handler 00000000

Symbol: I2S0_TX_Handler
   Definitions
      At line 204 in file ..\\..\\..\\src\\mcu\\rtl876x\\arm\\startup_rtl8762c.
s
   Uses
      At line 42 in file ..\\..\\..\\src\\mcu\\rtl876x\\arm\\startup_rtl8762c.s
      At line 119 in file ..\\..\\..\\src\\mcu\\rtl876x\\arm\\startup_rtl8762c.
s

I2S1_RX_Handler 00000000

Symbol: I2S1_RX_Handler
   Definitions
      At line 243 in file ..\\..\\..\\src\\mcu\\rtl876x\\arm\\startup_rtl8762c.
s
   Uses
      At line 84 in file ..\\..\\..\\src\\mcu\\rtl876x\\arm\\startup_rtl8762c.s
      At line 158 in file ..\\..\\..\\src\\mcu\\rtl876x\\arm\\startup_rtl8762c.
s

I2S1_TX_Handler 00000000

Symbol: I2S1_TX_Handler
   Definitions
      At line 242 in file ..\\..\\..\\src\\mcu\\rtl876x\\arm\\startup_rtl8762c.
s
   Uses
      At line 83 in file ..\\..\\..\\src\\mcu\\rtl876x\\arm\\startup_rtl8762c.s
      At line 157 in file ..\\..\\..\\src\\mcu\\rtl876x\\arm\\startup_rtl8762c.
s

IR_Handler 00000000

Symbol: IR_Handler
   Definitions
      At line 226 in file ..\\..\\..\\src\\mcu\\rtl876x\\arm\\startup_rtl8762c.
s
   Uses



ARM Macro Assembler    Page 11 Alphabetic symbol ordering
Relocatable symbols

      At line 64 in file ..\\..\\..\\src\\mcu\\rtl876x\\arm\\startup_rtl8762c.s
      At line 141 in file ..\\..\\..\\src\\mcu\\rtl876x\\arm\\startup_rtl8762c.
s

Keyscan_Handler 00000000

Symbol: Keyscan_Handler
   Definitions
      At line 238 in file ..\\..\\..\\src\\mcu\\rtl876x\\arm\\startup_rtl8762c.
s
   Uses
      At line 79 in file ..\\..\\..\\src\\mcu\\rtl876x\\arm\\startup_rtl8762c.s
      At line 153 in file ..\\..\\..\\src\\mcu\\rtl876x\\arm\\startup_rtl8762c.
s

LCD_Handler 00000000

Symbol: LCD_Handler
   Definitions
      At line 244 in file ..\\..\\..\\src\\mcu\\rtl876x\\arm\\startup_rtl8762c.
s
   Uses
      At line 85 in file ..\\..\\..\\src\\mcu\\rtl876x\\arm\\startup_rtl8762c.s
      At line 159 in file ..\\..\\..\\src\\mcu\\rtl876x\\arm\\startup_rtl8762c.
s

LPCOMP_Handler 00000000

Symbol: LPCOMP_Handler
   Definitions
      At line 240 in file ..\\..\\..\\src\\mcu\\rtl876x\\arm\\startup_rtl8762c.
s
   Uses
      At line 81 in file ..\\..\\..\\src\\mcu\\rtl876x\\arm\\startup_rtl8762c.s
      At line 155 in file ..\\..\\..\\src\\mcu\\rtl876x\\arm\\startup_rtl8762c.
s

MemManage_Handler 00000000

Symbol: MemManage_Handler
   Definitions
      At line 192 in file ..\\..\\..\\src\\mcu\\rtl876x\\arm\\startup_rtl8762c.
s
   Uses
      At line 21 in file ..\\..\\..\\src\\mcu\\rtl876x\\arm\\startup_rtl8762c.s
      At line 107 in file ..\\..\\..\\src\\mcu\\rtl876x\\arm\\startup_rtl8762c.
s

NMI_Handler 00000000

Symbol: NMI_Handler
   Definitions
      At line 190 in file ..\\..\\..\\src\\mcu\\rtl876x\\arm\\startup_rtl8762c.
s
   Uses
      At line 19 in file ..\\..\\..\\src\\mcu\\rtl876x\\arm\\startup_rtl8762c.s
      At line 105 in file ..\\..\\..\\src\\mcu\\rtl876x\\arm\\startup_rtl8762c.
s




ARM Macro Assembler    Page 12 Alphabetic symbol ordering
Relocatable symbols

PTA_Mailbox_Handler 00000000

Symbol: PTA_Mailbox_Handler
   Definitions
      At line 241 in file ..\\..\\..\\src\\mcu\\rtl876x\\arm\\startup_rtl8762c.
s
   Uses
      At line 82 in file ..\\..\\..\\src\\mcu\\rtl876x\\arm\\startup_rtl8762c.s
      At line 156 in file ..\\..\\..\\src\\mcu\\rtl876x\\arm\\startup_rtl8762c.
s

PendSV_Handler 00000000

Symbol: PendSV_Handler
   Definitions
      At line 197 in file ..\\..\\..\\src\\mcu\\rtl876x\\arm\\startup_rtl8762c.
s
   Uses
      At line 31 in file ..\\..\\..\\src\\mcu\\rtl876x\\arm\\startup_rtl8762c.s
      At line 112 in file ..\\..\\..\\src\\mcu\\rtl876x\\arm\\startup_rtl8762c.
s

Peripheral_Handler 00000000

Symbol: Peripheral_Handler
   Definitions
      At line 217 in file ..\\..\\..\\src\\mcu\\rtl876x\\arm\\startup_rtl8762c.
s
   Uses
      At line 55 in file ..\\..\\..\\src\\mcu\\rtl876x\\arm\\startup_rtl8762c.s
      At line 132 in file ..\\..\\..\\src\\mcu\\rtl876x\\arm\\startup_rtl8762c.
s

Qdecode_Handler 00000000

Symbol: Qdecode_Handler
   Definitions
      At line 237 in file ..\\..\\..\\src\\mcu\\rtl876x\\arm\\startup_rtl8762c.
s
   Uses
      At line 78 in file ..\\..\\..\\src\\mcu\\rtl876x\\arm\\startup_rtl8762c.s
      At line 152 in file ..\\..\\..\\src\\mcu\\rtl876x\\arm\\startup_rtl8762c.
s

RTC_Handler 00000000

Symbol: RTC_Handler
   Definitions
      At line 211 in file ..\\..\\..\\src\\mcu\\rtl876x\\arm\\startup_rtl8762c.
s
   Uses
      At line 49 in file ..\\..\\..\\src\\mcu\\rtl876x\\arm\\startup_rtl8762c.s
      At line 126 in file ..\\..\\..\\src\\mcu\\rtl876x\\arm\\startup_rtl8762c.
s

SPI0_Handler 00000000

Symbol: SPI0_Handler
   Definitions



ARM Macro Assembler    Page 13 Alphabetic symbol ordering
Relocatable symbols

      At line 212 in file ..\\..\\..\\src\\mcu\\rtl876x\\arm\\startup_rtl8762c.
s
   Uses
      At line 50 in file ..\\..\\..\\src\\mcu\\rtl876x\\arm\\startup_rtl8762c.s
      At line 127 in file ..\\..\\..\\src\\mcu\\rtl876x\\arm\\startup_rtl8762c.
s

SPI1_Handler 00000000

Symbol: SPI1_Handler
   Definitions
      At line 213 in file ..\\..\\..\\src\\mcu\\rtl876x\\arm\\startup_rtl8762c.
s
   Uses
      At line 51 in file ..\\..\\..\\src\\mcu\\rtl876x\\arm\\startup_rtl8762c.s
      At line 128 in file ..\\..\\..\\src\\mcu\\rtl876x\\arm\\startup_rtl8762c.
s

SPI2W_Handler 00000000

Symbol: SPI2W_Handler
   Definitions
      At line 239 in file ..\\..\\..\\src\\mcu\\rtl876x\\arm\\startup_rtl8762c.
s
   Uses
      At line 80 in file ..\\..\\..\\src\\mcu\\rtl876x\\arm\\startup_rtl8762c.s
      At line 154 in file ..\\..\\..\\src\\mcu\\rtl876x\\arm\\startup_rtl8762c.
s

SPI_Flash_Handler 00000000

Symbol: SPI_Flash_Handler
   Definitions
      At line 236 in file ..\\..\\..\\src\\mcu\\rtl876x\\arm\\startup_rtl8762c.
s
   Uses
      At line 77 in file ..\\..\\..\\src\\mcu\\rtl876x\\arm\\startup_rtl8762c.s
      At line 151 in file ..\\..\\..\\src\\mcu\\rtl876x\\arm\\startup_rtl8762c.
s

SVC_Handler 00000000

Symbol: SVC_Handler
   Definitions
      At line 195 in file ..\\..\\..\\src\\mcu\\rtl876x\\arm\\startup_rtl8762c.
s
   Uses
      At line 28 in file ..\\..\\..\\src\\mcu\\rtl876x\\arm\\startup_rtl8762c.s
      At line 110 in file ..\\..\\..\\src\\mcu\\rtl876x\\arm\\startup_rtl8762c.
s

SysTick_Handler 00000000

Symbol: SysTick_Handler
   Definitions
      At line 198 in file ..\\..\\..\\src\\mcu\\rtl876x\\arm\\startup_rtl8762c.
s
   Uses
      At line 32 in file ..\\..\\..\\src\\mcu\\rtl876x\\arm\\startup_rtl8762c.s



ARM Macro Assembler    Page 14 Alphabetic symbol ordering
Relocatable symbols

      At line 113 in file ..\\..\\..\\src\\mcu\\rtl876x\\arm\\startup_rtl8762c.
s

System_Handler 00000000

Symbol: System_Handler
   Definitions
      At line 199 in file ..\\..\\..\\src\\mcu\\rtl876x\\arm\\startup_rtl8762c.
s
   Uses
      At line 36 in file ..\\..\\..\\src\\mcu\\rtl876x\\arm\\startup_rtl8762c.s
      At line 114 in file ..\\..\\..\\src\\mcu\\rtl876x\\arm\\startup_rtl8762c.
s

Timer2_Handler 00000000

Symbol: Timer2_Handler
   Definitions
      At line 203 in file ..\\..\\..\\src\\mcu\\rtl876x\\arm\\startup_rtl8762c.
s
   Uses
      At line 40 in file ..\\..\\..\\src\\mcu\\rtl876x\\arm\\startup_rtl8762c.s
      At line 118 in file ..\\..\\..\\src\\mcu\\rtl876x\\arm\\startup_rtl8762c.
s

Timer3_Handler 00000000

Symbol: Timer3_Handler
   Definitions
      At line 202 in file ..\\..\\..\\src\\mcu\\rtl876x\\arm\\startup_rtl8762c.
s
   Uses
      At line 39 in file ..\\..\\..\\src\\mcu\\rtl876x\\arm\\startup_rtl8762c.s
      At line 117 in file ..\\..\\..\\src\\mcu\\rtl876x\\arm\\startup_rtl8762c.
s

Timer4_7_Handler 00000000

Symbol: Timer4_7_Handler
   Definitions
      At line 206 in file ..\\..\\..\\src\\mcu\\rtl876x\\arm\\startup_rtl8762c.
s
   Uses
      At line 44 in file ..\\..\\..\\src\\mcu\\rtl876x\\arm\\startup_rtl8762c.s
      At line 121 in file ..\\..\\..\\src\\mcu\\rtl876x\\arm\\startup_rtl8762c.
s

Timer4_Handler 00000000

Symbol: Timer4_Handler
   Definitions
      At line 232 in file ..\\..\\..\\src\\mcu\\rtl876x\\arm\\startup_rtl8762c.
s
   Uses
      At line 70 in file ..\\..\\..\\src\\mcu\\rtl876x\\arm\\startup_rtl8762c.s
      At line 147 in file ..\\..\\..\\src\\mcu\\rtl876x\\arm\\startup_rtl8762c.
s

Timer5_Handler 00000000



ARM Macro Assembler    Page 15 Alphabetic symbol ordering
Relocatable symbols


Symbol: Timer5_Handler
   Definitions
      At line 233 in file ..\\..\\..\\src\\mcu\\rtl876x\\arm\\startup_rtl8762c.
s
   Uses
      At line 71 in file ..\\..\\..\\src\\mcu\\rtl876x\\arm\\startup_rtl8762c.s
      At line 148 in file ..\\..\\..\\src\\mcu\\rtl876x\\arm\\startup_rtl8762c.
s

Timer6_Handler 00000000

Symbol: Timer6_Handler
   Definitions
      At line 234 in file ..\\..\\..\\src\\mcu\\rtl876x\\arm\\startup_rtl8762c.
s
   Uses
      At line 72 in file ..\\..\\..\\src\\mcu\\rtl876x\\arm\\startup_rtl8762c.s
      At line 149 in file ..\\..\\..\\src\\mcu\\rtl876x\\arm\\startup_rtl8762c.
s

Timer7_Handler 00000000

Symbol: Timer7_Handler
   Definitions
      At line 235 in file ..\\..\\..\\src\\mcu\\rtl876x\\arm\\startup_rtl8762c.
s
   Uses
      At line 73 in file ..\\..\\..\\src\\mcu\\rtl876x\\arm\\startup_rtl8762c.s
      At line 150 in file ..\\..\\..\\src\\mcu\\rtl876x\\arm\\startup_rtl8762c.
s

UART0_Handler 00000000

Symbol: UART0_Handler
   Definitions
      At line 210 in file ..\\..\\..\\src\\mcu\\rtl876x\\arm\\startup_rtl8762c.
s
   Uses
      At line 48 in file ..\\..\\..\\src\\mcu\\rtl876x\\arm\\startup_rtl8762c.s
      At line 125 in file ..\\..\\..\\src\\mcu\\rtl876x\\arm\\startup_rtl8762c.
s

UART1_Handler 00000000

Symbol: UART1_Handler
   Definitions
      At line 209 in file ..\\..\\..\\src\\mcu\\rtl876x\\arm\\startup_rtl8762c.
s
   Uses
      At line 47 in file ..\\..\\..\\src\\mcu\\rtl876x\\arm\\startup_rtl8762c.s
      At line 124 in file ..\\..\\..\\src\\mcu\\rtl876x\\arm\\startup_rtl8762c.
s

UART2_Handler 00000000

Symbol: UART2_Handler
   Definitions
      At line 229 in file ..\\..\\..\\src\\mcu\\rtl876x\\arm\\startup_rtl8762c.



ARM Macro Assembler    Page 16 Alphabetic symbol ordering
Relocatable symbols

s
   Uses
      At line 67 in file ..\\..\\..\\src\\mcu\\rtl876x\\arm\\startup_rtl8762c.s
      At line 144 in file ..\\..\\..\\src\\mcu\\rtl876x\\arm\\startup_rtl8762c.
s

UsageFault_Handler 00000000

Symbol: UsageFault_Handler
   Definitions
      At line 194 in file ..\\..\\..\\src\\mcu\\rtl876x\\arm\\startup_rtl8762c.
s
   Uses
      At line 23 in file ..\\..\\..\\src\\mcu\\rtl876x\\arm\\startup_rtl8762c.s
      At line 109 in file ..\\..\\..\\src\\mcu\\rtl876x\\arm\\startup_rtl8762c.
s

WDG_Handler 00000000

Symbol: WDG_Handler
   Definitions
      At line 200 in file ..\\..\\..\\src\\mcu\\rtl876x\\arm\\startup_rtl8762c.
s
   Uses
      At line 37 in file ..\\..\\..\\src\\mcu\\rtl876x\\arm\\startup_rtl8762c.s
      At line 115 in file ..\\..\\..\\src\\mcu\\rtl876x\\arm\\startup_rtl8762c.
s

__user_setup_stackheap 00000010

Symbol: __user_setup_stackheap
   Definitions
      At line 288 in file ..\\..\\..\\src\\mcu\\rtl876x\\arm\\startup_rtl8762c.
s
   Uses
      At line 287 in file ..\\..\\..\\src\\mcu\\rtl876x\\arm\\startup_rtl8762c.
s
Comment: __user_setup_stackheap used once
87 symbols



ARM Macro Assembler    Page 1 Alphabetic symbol ordering
Absolute symbols

__Vectors_Size 000000F4

Symbol: __Vectors_Size
   Definitions
      At line 88 in file ..\\..\\..\\src\\mcu\\rtl876x\\arm\\startup_rtl8762c.s
   Uses
      At line 15 in file ..\\..\\..\\src\\mcu\\rtl876x\\arm\\startup_rtl8762c.s
Comment: __Vectors_Size used once
__initial_sp 00203800

Symbol: __initial_sp
   Definitions
      At line 5 in file ..\\..\\..\\src\\mcu\\rtl876x\\arm\\startup_rtl8762c.s
   Uses
      At line 17 in file ..\\..\\..\\src\\mcu\\rtl876x\\arm\\startup_rtl8762c.s
Comment: __initial_sp used once
2 symbols



ARM Macro Assembler    Page 1 Alphabetic symbol ordering
External symbols

SystemInit 00000000

Symbol: SystemInit
   Definitions
      At line 95 in file ..\\..\\..\\src\\mcu\\rtl876x\\arm\\startup_rtl8762c.s
   Uses
      At line 96 in file ..\\..\\..\\src\\mcu\\rtl876x\\arm\\startup_rtl8762c.s
Comment: SystemInit used once
log_direct 00000000

Symbol: log_direct
   Definitions
      At line 275 in file ..\\..\\..\\src\\mcu\\rtl876x\\arm\\startup_rtl8762c.
s
   Uses
      At line 279 in file ..\\..\\..\\src\\mcu\\rtl876x\\arm\\startup_rtl8762c.
s
Comment: log_direct used once
2 symbols
433 symbols in table
